[35m[Appium][39m Welcome to Appium v1.22.3
[35m[Appium][39m Non-default server args:
[35m[Appium][39m   port: 62929
[35m[Appium][39m   loglevel: info
[35m[Appium][39m   tmpDir: C:\Users\Personal\AppData\Local\Temp\\Katalon\Appium\Temp1703320392115
[35m[Appium][39m   chromedriverPort: 62930
[35m[Appium][39m Deprecated server args:
[35m[Appium][39m   [31m--chromedriver-port[39m => --default-capabilities
[35m[Appium][39m Default capabilities, which will be added to each request unless overridden by desired capabilities:
[35m[Appium][39m   chromedriverPort: 62930
[35m[Appium][39m Appium REST http interface listener started on 0.0.0.0:62929
[35m[HTTP][39m [37m-->[39m [37mGET[39m [37m/wd/hub/status[39m
[35m[HTTP][39m [90m{}[39m
[35m[HTTP][39m [37m<-- GET /wd/hub/status [39m[32m200[39m [90m6 ms - 68[39m
[35m[HTTP][39m [90m[39m
[35m[HTTP][39m [37m-->[39m [37mGET[39m [37m/wd/hub/status[39m
[35m[HTTP][39m [90m{}[39m
[35m[HTTP][39m [37m<-- GET /wd/hub/status [39m[32m200[39m [90m1 ms - 68[39m
[35m[HTTP][39m [90m[39m
[35m[HTTP][39m [37m-->[39m [37mPOST[39m [37m/wd/hub/session[39m
[35m[HTTP][39m [90m{"desiredCapabilities":{"app":"D:\\QE Alterra\\Capstone\\Mobile\\Woman Center.apk","noReset":true,"deviceName":"vivo V2027 (Android 10)","fullReset":false,"platform":"ANDROID","newCommandTimeout":1800,"platformVersion":"10","automationName":"uiautomator2","autoGrantPermissions":true,"platformName":"Android","udid":"aeb1c0a6","systemPort":62936},"capabilities":{"firstMatch":[{"appium:app":"D:\\QE Alterra\\Capstone\\Mobile\\Woman Center.apk","appium:autoGrantPermissions":true,"appium:automationName":"uiautomator2","appium:deviceName":"vivo V2027 (Android 10)","appium:fullReset":false,"appium:newCommandTimeout":1800,"appium:noReset":true,"platform":"ANDROID","platformName":"android","appium:platformVersion":"10","appium:systemPort":62936,"appium:udid":"aeb1c0a6"}]}}[39m
[35m[BaseDriver][39m The following capabilities are not standard capabilities and should have an extension prefix:
[35m[BaseDriver][39m   platform
[35m[BaseDriver][39m   chromedriverPort
[35m[Appium][39m Appium v1.22.3 creating new AndroidUiautomator2Driver (v1.70.1) session
[35m[BaseDriver][39m The following capabilities were provided, but are not recognized by Appium:
[35m[BaseDriver][39m   platform
[35m[BaseDriver][39m Session created with session id: e8f00aae-bbf3-4478-acdf-44c7af8814c7
[35m[BaseDriver][39m Using local app 'D:\QE Alterra\Capstone\Mobile\Woman Center.apk'
[35m[ADB][39m Found 3 'build-tools' folders under 'C:\Users\Personal\AppData\Local\Android\Sdk' (newest first):
[35m[ADB][39m     C:/Users/Personal/AppData/Local/Android/Sdk/build-tools/34.0.0-rc2
[35m[ADB][39m     C:/Users/Personal/AppData/Local/Android/Sdk/build-tools/33.0.1
[35m[ADB][39m     C:/Users/Personal/AppData/Local/Android/Sdk/build-tools/30.0.3
[35m[ADB][39m Using 'adb.exe' from 'C:\Users\Personal\AppData\Local\Android\Sdk\platform-tools\adb.exe'
[35m[AndroidDriver][39m Retrieving device list
[35m[AndroidDriver][39m Using device: aeb1c0a6
[35m[ADB][39m Using 'adb.exe' from 'C:\Users\Personal\AppData\Local\Android\Sdk\platform-tools\adb.exe'
[35m[ADB][39m Getting device platform version
[35m[UiAutomator2][39m Relaxing hidden api policy
[35m[ADB][39m Package name: 'com.example.women_center_mobile'
[35m[ADB][39m Main activity name: 'com.example.women_center_mobile.MainActivity'
[35m[ADB][39m Using 'apksigner.jar' from 'C:\Users\Personal\AppData\Local\Android\Sdk\build-tools\33.0.1\lib\apksigner.jar'
[35m[ADB][39m 'C:\Users\Personal\AppData\Roaming\npm\node_modules\appium\node_modules\appium-uiautomator2-server\apks\appium-uiautomator2-server-v4.27.0.apk' is signed with the default certificate
[35m[ADB][39m 'C:\Users\Personal\AppData\Roaming\npm\node_modules\appium\node_modules\appium-uiautomator2-server\apks\appium-uiautomator2-server-debug-androidTest.apk' is signed with the default certificate
[35m[UiAutomator2][39m Server packages are not going to be (re)installed
[35m[ADB][39m Adding packages ["io.appium.settings","io.appium.uiautomator2.server","io.appium.uiautomator2.server.test"] to Doze whitelist
[35m[ADB][39m 'D:\QE Alterra\Capstone\Mobile\Woman Center.apk' is signed with a non-default certificate
[35m[ADB][39m The application at 'D:\QE Alterra\Capstone\Mobile\Woman Center.apk' will not be cached, because the device under test has confirmed the support of streamed installs
[35m[ADB][39m The installation of 'Woman Center.apk' took 8157ms
[35m[UiAutomator2][39m Starting UIAutomator2 server 4.27.0
[35m[UiAutomator2][39m Using UIAutomator2 server from 'C:\Users\Personal\AppData\Roaming\npm\node_modules\appium\node_modules\appium-uiautomator2-server\apks\appium-uiautomator2-server-v4.27.0.apk' and test from 'C:\Users\Personal\AppData\Roaming\npm\node_modules\appium\node_modules\appium-uiautomator2-server\apks\appium-uiautomator2-server-debug-androidTest.apk'
[35m[UiAutomator2][39m Waiting up to 30000ms for UiAutomator2 to be online...
[35m[WD Proxy][39m socket hang up
[35m[WD Proxy][39m socket hang up
[35m[WD Proxy][39m socket hang up
[35m[WD Proxy][39m socket hang up
[35m[WD Proxy][39m socket hang up
[35m[WD Proxy][39m Determined the downstream protocol as 'W3C'
[35m[AndroidDriver][39m Screen already unlocked, doing nothing
[35m[UiAutomator2][39m Starting 'com.example.women_center_mobile/com.example.women_center_mobile.MainActivity and waiting for 'com.example.women_center_mobile/com.example.women_center_mobile.MainActivity'
[35m[Appium][39m New AndroidUiautomator2Driver session created successfully, session e8f00aae-bbf3-4478-acdf-44c7af8814c7 added to master session list
[35m[HTTP][39m [37m<-- POST /wd/hub/session [39m[32m200[39m [90m21739 ms - 1237[39m
[35m[HTTP][39m [90m[39m
[35m[HTTP][39m [37m-->[39m [37mGET[39m [37m/wd/hub/session/e8f00aae-bbf3-4478-acdf-44c7af8814c7[39m
[35m[HTTP][39m [90m{}[39m
[35m[HTTP][39m [37m<-- GET /wd/hub/session/e8f00aae-bbf3-4478-acdf-44c7af8814c7 [39m[32m200[39m [90m13 ms - 1191[39m
[35m[HTTP][39m [90m[39m
[35m[HTTP][39m [37m-->[39m [37mGET[39m [37m/wd/hub/session/e8f00aae-bbf3-4478-acdf-44c7af8814c7[39m
[35m[HTTP][39m [90m{}[39m
[35m[HTTP][39m [37m<-- GET /wd/hub/session/e8f00aae-bbf3-4478-acdf-44c7af8814c7 [39m[32m200[39m [90m12 ms - 1191[39m
[35m[HTTP][39m [90m[39m
[35m[HTTP][39m [37m-->[39m [37mGET[39m [37m/wd/hub/status[39m
[35m[HTTP][39m [90m{}[39m
[35m[HTTP][39m [37m<-- GET /wd/hub/status [39m[32m200[39m [90m1 ms - 68[39m
[35m[HTTP][39m [90m[39m
[35m[HTTP][39m [37m-->[39m [37mPOST[39m [37m/wd/hub/session/e8f00aae-bbf3-4478-acdf-44c7af8814c7/timeouts[39m
[35m[HTTP][39m [90m{"implicit":60000}[39m
[35m[HTTP][39m [37m<-- POST /wd/hub/session/e8f00aae-bbf3-4478-acdf-44c7af8814c7/timeouts [39m[32m200[39m [90m2 ms - 14[39m
[35m[HTTP][39m [90m[39m
[35m[HTTP][39m [37m-->[39m [37mGET[39m [37m/wd/hub/session/e8f00aae-bbf3-4478-acdf-44c7af8814c7/source[39m
[35m[HTTP][39m [90m{}[39m
[35m[W3C (e8f00aae)][39m Driver proxy active, passing request on via HTTP proxy
[35m[WD Proxy][39m Replacing sessionId 5baff9fb-0e22-4395-ae1c-e8f225d3f5dd with e8f00aae-bbf3-4478-acdf-44c7af8814c7
[35m[HTTP][39m [37m<-- GET /wd/hub/session/e8f00aae-bbf3-4478-acdf-44c7af8814c7/source [39m[32m200[39m [90m382 ms - 5800[39m
[35m[HTTP][39m [90m[39m
[35m[HTTP][39m [37m-->[39m [37mGET[39m [37m/wd/hub/session/e8f00aae-bbf3-4478-acdf-44c7af8814c7/screenshot[39m
[35m[HTTP][39m [90m{}[39m
[35m[HTTP][39m [37m<-- GET /wd/hub/session/e8f00aae-bbf3-4478-acdf-44c7af8814c7/screenshot [39m[32m200[39m [90m1639 ms - 1265460[39m
[35m[HTTP][39m [90m[39m
[35m[HTTP][39m [37m-->[39m [37mPOST[39m [37m/wd/hub/session/e8f00aae-bbf3-4478-acdf-44c7af8814c7/elements[39m
[35m[HTTP][39m [90m{"using":"xpath","value":"//*[@class = 'android.widget.Button' and @resource-id = '' and (@text = '' or . = '')]"}[39m
[35m[HTTP][39m [37m<-- POST /wd/hub/session/e8f00aae-bbf3-4478-acdf-44c7af8814c7/elements [39m[32m200[39m [90m1065 ms - 139[39m
[35m[HTTP][39m [90m[39m
[35m[HTTP][39m [37m-->[39m [37mGET[39m [37m/wd/hub/session/e8f00aae-bbf3-4478-acdf-44c7af8814c7/window/rect[39m
[35m[HTTP][39m [90m{}[39m
[35m[HTTP][39m [37m<-- GET /wd/hub/session/e8f00aae-bbf3-4478-acdf-44c7af8814c7/window/rect [39m[32m200[39m [90m31 ms - 49[39m
[35m[HTTP][39m [90m[39m
[35m[HTTP][39m [37m-->[39m [37mPOST[39m [37m/wd/hub/session/e8f00aae-bbf3-4478-acdf-44c7af8814c7/elements[39m
[35m[HTTP][39m [90m{"using":"xpath","value":"//*[@class = 'android.widget.Button' and @resource-id = '' and (@text = '' or . = '')]"}[39m
[35m[HTTP][39m [37m<-- POST /wd/hub/session/e8f00aae-bbf3-4478-acdf-44c7af8814c7/elements [39m[32m200[39m [90m189 ms - 139[39m
[35m[HTTP][39m [90m[39m
[35m[HTTP][39m [37m-->[39m [37mGET[39m [37m/wd/hub/session/e8f00aae-bbf3-4478-acdf-44c7af8814c7/element/00000000-0000-03a9-0000-000800000003/location[39m
[35m[HTTP][39m [90m{}[39m
[35m[W3C (e8f00aae)][39m Driver proxy active, passing request on via HTTP proxy
[35m[WD Proxy][39m Replacing sessionId 5baff9fb-0e22-4395-ae1c-e8f225d3f5dd with e8f00aae-bbf3-4478-acdf-44c7af8814c7
[35m[HTTP][39m [37m<-- GET /wd/hub/session/e8f00aae-bbf3-4478-acdf-44c7af8814c7/element/00000000-0000-03a9-0000-000800000003/location [39m[32m200[39m [90m40 ms - 79[39m
[35m[HTTP][39m [90m[39m
[35m[HTTP][39m [37m-->[39m [37mPOST[39m [37m/wd/hub/session/e8f00aae-bbf3-4478-acdf-44c7af8814c7/element/00000000-0000-03a9-0000-000800000003/click[39m
[35m[HTTP][39m [90m{"id":"00000000-0000-03a9-0000-000800000003"}[39m
[35m[HTTP][39m [37m<-- POST /wd/hub/session/e8f00aae-bbf3-4478-acdf-44c7af8814c7/element/00000000-0000-03a9-0000-000800000003/click [39m[32m200[39m [90m120 ms - 14[39m
[35m[HTTP][39m [90m[39m
[35m[HTTP][39m [37m-->[39m [37mGET[39m [37m/wd/hub/session/e8f00aae-bbf3-4478-acdf-44c7af8814c7/source[39m
[35m[HTTP][39m [90m{}[39m
[35m[W3C (e8f00aae)][39m Driver proxy active, passing request on via HTTP proxy
[35m[WD Proxy][39m Replacing sessionId 5baff9fb-0e22-4395-ae1c-e8f225d3f5dd with e8f00aae-bbf3-4478-acdf-44c7af8814c7
[35m[HTTP][39m [37m<-- GET /wd/hub/session/e8f00aae-bbf3-4478-acdf-44c7af8814c7/source [39m[32m200[39m [90m144 ms - 7941[39m
[35m[HTTP][39m [90m[39m
[35m[HTTP][39m [37m-->[39m [37mGET[39m [37m/wd/hub/session/e8f00aae-bbf3-4478-acdf-44c7af8814c7/screenshot[39m
[35m[HTTP][39m [90m{}[39m
[35m[HTTP][39m [37m<-- GET /wd/hub/session/e8f00aae-bbf3-4478-acdf-44c7af8814c7/screenshot [39m[32m200[39m [90m1841 ms - 1410852[39m
[35m[HTTP][39m [90m[39m
[35m[HTTP][39m [37m-->[39m [37mPOST[39m [37m/wd/hub/session/e8f00aae-bbf3-4478-acdf-44c7af8814c7/elements[39m
[35m[HTTP][39m [90m{"using":"xpath","value":"//*[@class = 'android.widget.EditText' and @resource-id = '' and (@text = '' or . = '')]"}[39m
[35m[HTTP][39m [37m<-- POST /wd/hub/session/e8f00aae-bbf3-4478-acdf-44c7af8814c7/elements [39m[32m200[39m [90m127 ms - 267[39m
[35m[HTTP][39m [90m[39m
[35m[HTTP][39m [37m-->[39m [37mPOST[39m [37m/wd/hub/session/e8f00aae-bbf3-4478-acdf-44c7af8814c7/elements[39m
[35m[HTTP][39m [90m{"using":"-android uiautomator","value":"new UiSelector().className(\"android.widget.EditText\").resourceId(\"\")"}[39m
[35m[HTTP][39m [37m<-- POST /wd/hub/session/e8f00aae-bbf3-4478-acdf-44c7af8814c7/elements [39m[32m200[39m [90m96 ms - 267[39m
[35m[HTTP][39m [90m[39m
[35m[HTTP][39m [37m-->[39m [37mGET[39m [37m/wd/hub/session/e8f00aae-bbf3-4478-acdf-44c7af8814c7/window/rect[39m
[35m[HTTP][39m [90m{}[39m
[35m[HTTP][39m [37m<-- GET /wd/hub/session/e8f00aae-bbf3-4478-acdf-44c7af8814c7/window/rect [39m[32m200[39m [90m27 ms - 49[39m
[35m[HTTP][39m [90m[39m
[35m[HTTP][39m [37m-->[39m [37mPOST[39m [37m/wd/hub/session/e8f00aae-bbf3-4478-acdf-44c7af8814c7/elements[39m
[35m[HTTP][39m [90m{"using":"xpath","value":"//hierarchy/android.widget.FrameLayout[1]/android.widget.LinearLayout[1]/android.widget.FrameLayout[1]/android.widget.FrameLayout[1]/android.view.View[1]/android.view.View[1]/android.view.View[1]/android.view.View[1]/android.widget.ScrollView[1]/android.widget.EditText[1]"}[39m
[35m[HTTP][39m [37m<-- POST /wd/hub/session/e8f00aae-bbf3-4478-acdf-44c7af8814c7/elements [39m[32m200[39m [90m124 ms - 139[39m
[35m[HTTP][39m [90m[39m
[35m[HTTP][39m [37m-->[39m [37mGET[39m [37m/wd/hub/session/e8f00aae-bbf3-4478-acdf-44c7af8814c7/element/00000000-0000-03a9-0000-000f00000003/location[39m
[35m[HTTP][39m [90m{}[39m
[35m[W3C (e8f00aae)][39m Driver proxy active, passing request on via HTTP proxy
[35m[WD Proxy][39m Replacing sessionId 5baff9fb-0e22-4395-ae1c-e8f225d3f5dd with e8f00aae-bbf3-4478-acdf-44c7af8814c7
[35m[HTTP][39m [37m<-- GET /wd/hub/session/e8f00aae-bbf3-4478-acdf-44c7af8814c7/element/00000000-0000-03a9-0000-000f00000003/location [39m[32m200[39m [90m23 ms - 77[39m
[35m[HTTP][39m [90m[39m
[35m[HTTP][39m [37m-->[39m [37mPOST[39m [37m/wd/hub/session/e8f00aae-bbf3-4478-acdf-44c7af8814c7/element/00000000-0000-03a9-0000-000f00000003/click[39m
[35m[HTTP][39m [90m{"id":"00000000-0000-03a9-0000-000f00000003"}[39m
[35m[HTTP][39m [37m<-- POST /wd/hub/session/e8f00aae-bbf3-4478-acdf-44c7af8814c7/element/00000000-0000-03a9-0000-000f00000003/click [39m[32m200[39m [90m83 ms - 14[39m
[35m[HTTP][39m [90m[39m
[35m[HTTP][39m [37m-->[39m [37mGET[39m [37m/wd/hub/session/e8f00aae-bbf3-4478-acdf-44c7af8814c7/source[39m
[35m[HTTP][39m [90m{}[39m
[35m[W3C (e8f00aae)][39m Driver proxy active, passing request on via HTTP proxy
[35m[WD Proxy][39m Replacing sessionId 5baff9fb-0e22-4395-ae1c-e8f225d3f5dd with e8f00aae-bbf3-4478-acdf-44c7af8814c7
[35m[HTTP][39m [37m<-- GET /wd/hub/session/e8f00aae-bbf3-4478-acdf-44c7af8814c7/source [39m[32m200[39m [90m418 ms - 7070[39m
[35m[HTTP][39m [90m[39m
[35m[HTTP][39m [37m-->[39m [37mGET[39m [37m/wd/hub/session/e8f00aae-bbf3-4478-acdf-44c7af8814c7/screenshot[39m
[35m[HTTP][39m [90m{}[39m
[35m[HTTP][39m [37m<-- GET /wd/hub/session/e8f00aae-bbf3-4478-acdf-44c7af8814c7/screenshot [39m[32m200[39m [90m1790 ms - 1555144[39m
[35m[HTTP][39m [90m[39m
[35m[HTTP][39m [37m-->[39m [37mPOST[39m [37m/wd/hub/session/e8f00aae-bbf3-4478-acdf-44c7af8814c7/elements[39m
[35m[HTTP][39m [90m{"using":"xpath","value":"//*[@class = 'android.widget.EditText' and @resource-id = '' and (@text = '' or . = '')]"}[39m
[35m[HTTP][39m [37m<-- POST /wd/hub/session/e8f00aae-bbf3-4478-acdf-44c7af8814c7/elements [39m[32m200[39m [90m116 ms - 267[39m
[35m[HTTP][39m [90m[39m
[35m[HTTP][39m [37m-->[39m [37mPOST[39m [37m/wd/hub/session/e8f00aae-bbf3-4478-acdf-44c7af8814c7/elements[39m
[35m[HTTP][39m [90m{"using":"-android uiautomator","value":"new UiSelector().className(\"android.widget.EditText\").resourceId(\"\")"}[39m
[35m[HTTP][39m [37m<-- POST /wd/hub/session/e8f00aae-bbf3-4478-acdf-44c7af8814c7/elements [39m[32m200[39m [90m50 ms - 267[39m
[35m[HTTP][39m [90m[39m
[35m[HTTP][39m [37m-->[39m [37mGET[39m [37m/wd/hub/session/e8f00aae-bbf3-4478-acdf-44c7af8814c7/window/rect[39m
[35m[HTTP][39m [90m{}[39m
[35m[HTTP][39m [37m<-- GET /wd/hub/session/e8f00aae-bbf3-4478-acdf-44c7af8814c7/window/rect [39m[32m200[39m [90m16 ms - 49[39m
[35m[HTTP][39m [90m[39m
[35m[HTTP][39m [37m-->[39m [37mPOST[39m [37m/wd/hub/session/e8f00aae-bbf3-4478-acdf-44c7af8814c7/elements[39m
[35m[HTTP][39m [90m{"using":"xpath","value":"//hierarchy/android.widget.FrameLayout[1]/android.widget.LinearLayout[1]/android.widget.FrameLayout[1]/android.widget.FrameLayout[1]/android.view.View[1]/android.view.View[1]/android.view.View[1]/android.view.View[1]/android.widget.ScrollView[1]/android.widget.EditText[1]"}[39m
[35m[HTTP][39m [37m<-- POST /wd/hub/session/e8f00aae-bbf3-4478-acdf-44c7af8814c7/elements [39m[32m200[39m [90m156 ms - 139[39m
[35m[HTTP][39m [90m[39m
[35m[HTTP][39m [37m-->[39m [37mGET[39m [37m/wd/hub/session/e8f00aae-bbf3-4478-acdf-44c7af8814c7/element/00000000-0000-03a9-0000-000f00000003/location[39m
[35m[HTTP][39m [90m{}[39m
[35m[W3C (e8f00aae)][39m Driver proxy active, passing request on via HTTP proxy
[35m[WD Proxy][39m Replacing sessionId 5baff9fb-0e22-4395-ae1c-e8f225d3f5dd with e8f00aae-bbf3-4478-acdf-44c7af8814c7
[35m[HTTP][39m [37m<-- GET /wd/hub/session/e8f00aae-bbf3-4478-acdf-44c7af8814c7/element/00000000-0000-03a9-0000-000f00000003/location [39m[32m200[39m [90m31 ms - 77[39m
[35m[HTTP][39m [90m[39m
[35m[HTTP][39m [37m-->[39m [37mPOST[39m [37m/wd/hub/session/e8f00aae-bbf3-4478-acdf-44c7af8814c7/element/00000000-0000-03a9-0000-000f00000003/clear[39m
[35m[HTTP][39m [90m{"id":"00000000-0000-03a9-0000-000f00000003"}[39m
[35m[HTTP][39m [37m<-- POST /wd/hub/session/e8f00aae-bbf3-4478-acdf-44c7af8814c7/element/00000000-0000-03a9-0000-000f00000003/clear [39m[32m200[39m [90m58 ms - 14[39m
[35m[HTTP][39m [90m[39m
[35m[HTTP][39m [37m-->[39m [37mPOST[39m [37m/wd/hub/session/e8f00aae-bbf3-4478-acdf-44c7af8814c7/element/00000000-0000-03a9-0000-000f00000003/value[39m
[35m[HTTP][39m [90m{"id":"00000000-0000-03a9-0000-000f00000003","text":"agung123@gmail.com","value":["a","g","u","n","g","1","2","3","@","g","m","a","i","l",".","c","o","m"]}[39m
[35m[HTTP][39m [37m<-- POST /wd/hub/session/e8f00aae-bbf3-4478-acdf-44c7af8814c7/element/00000000-0000-03a9-0000-000f00000003/value [39m[32m200[39m [90m56 ms - 14[39m
[35m[HTTP][39m [90m[39m
[35m[HTTP][39m [37m-->[39m [37mGET[39m [37m/wd/hub/session/e8f00aae-bbf3-4478-acdf-44c7af8814c7/source[39m
[35m[HTTP][39m [90m{}[39m
[35m[W3C (e8f00aae)][39m Driver proxy active, passing request on via HTTP proxy
[35m[WD Proxy][39m Replacing sessionId 5baff9fb-0e22-4395-ae1c-e8f225d3f5dd with e8f00aae-bbf3-4478-acdf-44c7af8814c7
[35m[HTTP][39m [37m<-- GET /wd/hub/session/e8f00aae-bbf3-4478-acdf-44c7af8814c7/source [39m[32m200[39m [90m256 ms - 7088[39m
[35m[HTTP][39m [90m[39m
[35m[HTTP][39m [37m-->[39m [37mGET[39m [37m/wd/hub/session/e8f00aae-bbf3-4478-acdf-44c7af8814c7/screenshot[39m
[35m[HTTP][39m [90m{}[39m
[35m[HTTP][39m [37m<-- GET /wd/hub/session/e8f00aae-bbf3-4478-acdf-44c7af8814c7/screenshot [39m[32m200[39m [90m1806 ms - 1560046[39m
[35m[HTTP][39m [90m[39m
[35m[HTTP][39m [37m-->[39m [37mPOST[39m [37m/wd/hub/session/e8f00aae-bbf3-4478-acdf-44c7af8814c7/elements[39m
[35m[HTTP][39m [90m{"using":"xpath","value":"//*[@class = 'android.widget.EditText' and @resource-id = '' and (@text = '' or . = '')]"}[39m
[35m[HTTP][39m [37m<-- POST /wd/hub/session/e8f00aae-bbf3-4478-acdf-44c7af8814c7/elements [39m[32m200[39m [90m109 ms - 267[39m
[35m[HTTP][39m [90m[39m
[35m[HTTP][39m [37m-->[39m [37mPOST[39m [37m/wd/hub/session/e8f00aae-bbf3-4478-acdf-44c7af8814c7/elements[39m
[35m[HTTP][39m [90m{"using":"-android uiautomator","value":"new UiSelector().className(\"android.widget.EditText\").resourceId(\"\")"}[39m
[35m[HTTP][39m [37m<-- POST /wd/hub/session/e8f00aae-bbf3-4478-acdf-44c7af8814c7/elements [39m[32m200[39m [90m68 ms - 267[39m
[35m[HTTP][39m [90m[39m
[35m[HTTP][39m [37m-->[39m [37mGET[39m [37m/wd/hub/session/e8f00aae-bbf3-4478-acdf-44c7af8814c7/window/rect[39m
[35m[HTTP][39m [90m{}[39m
[35m[HTTP][39m [37m<-- GET /wd/hub/session/e8f00aae-bbf3-4478-acdf-44c7af8814c7/window/rect [39m[32m200[39m [90m23 ms - 49[39m
[35m[HTTP][39m [90m[39m
[35m[HTTP][39m [37m-->[39m [37mPOST[39m [37m/wd/hub/session/e8f00aae-bbf3-4478-acdf-44c7af8814c7/elements[39m
[35m[HTTP][39m [90m{"using":"xpath","value":"//hierarchy/android.widget.FrameLayout[1]/android.widget.LinearLayout[1]/android.widget.FrameLayout[1]/android.widget.FrameLayout[1]/android.view.View[1]/android.view.View[1]/android.view.View[1]/android.view.View[1]/android.widget.ScrollView[1]/android.widget.EditText[2]"}[39m
[35m[HTTP][39m [37m<-- POST /wd/hub/session/e8f00aae-bbf3-4478-acdf-44c7af8814c7/elements [39m[32m200[39m [90m165 ms - 139[39m
[35m[HTTP][39m [90m[39m
[35m[HTTP][39m [37m-->[39m [37mGET[39m [37m/wd/hub/session/e8f00aae-bbf3-4478-acdf-44c7af8814c7/element/00000000-0000-03a9-0000-001100000003/location[39m
[35m[HTTP][39m [90m{}[39m
[35m[W3C (e8f00aae)][39m Driver proxy active, passing request on via HTTP proxy
[35m[WD Proxy][39m Replacing sessionId 5baff9fb-0e22-4395-ae1c-e8f225d3f5dd with e8f00aae-bbf3-4478-acdf-44c7af8814c7
[35m[HTTP][39m [37m<-- GET /wd/hub/session/e8f00aae-bbf3-4478-acdf-44c7af8814c7/element/00000000-0000-03a9-0000-001100000003/location [39m[32m200[39m [90m26 ms - 77[39m
[35m[HTTP][39m [90m[39m
[35m[HTTP][39m [37m-->[39m [37mPOST[39m [37m/wd/hub/session/e8f00aae-bbf3-4478-acdf-44c7af8814c7/element/00000000-0000-03a9-0000-001100000003/click[39m
[35m[HTTP][39m [90m{"id":"00000000-0000-03a9-0000-001100000003"}[39m
[35m[HTTP][39m [37m<-- POST /wd/hub/session/e8f00aae-bbf3-4478-acdf-44c7af8814c7/element/00000000-0000-03a9-0000-001100000003/click [39m[32m200[39m [90m88 ms - 14[39m
[35m[HTTP][39m [90m[39m
[35m[HTTP][39m [37m-->[39m [37mGET[39m [37m/wd/hub/session/e8f00aae-bbf3-4478-acdf-44c7af8814c7/source[39m
[35m[HTTP][39m [90m{}[39m
[35m[W3C (e8f00aae)][39m Driver proxy active, passing request on via HTTP proxy
[35m[WD Proxy][39m Replacing sessionId 5baff9fb-0e22-4395-ae1c-e8f225d3f5dd with e8f00aae-bbf3-4478-acdf-44c7af8814c7
[35m[HTTP][39m [37m<-- GET /wd/hub/session/e8f00aae-bbf3-4478-acdf-44c7af8814c7/source [39m[32m200[39m [90m300 ms - 7513[39m
[35m[HTTP][39m [90m[39m
[35m[HTTP][39m [37m-->[39m [37mGET[39m [37m/wd/hub/session/e8f00aae-bbf3-4478-acdf-44c7af8814c7/screenshot[39m
[35m[HTTP][39m [90m{}[39m
[35m[HTTP][39m [37m<-- GET /wd/hub/session/e8f00aae-bbf3-4478-acdf-44c7af8814c7/screenshot [39m[32m200[39m [90m2424 ms - 1372288[39m
[35m[HTTP][39m [90m[39m
[35m[HTTP][39m [37m-->[39m [37mPOST[39m [37m/wd/hub/session/e8f00aae-bbf3-4478-acdf-44c7af8814c7/elements[39m
[35m[HTTP][39m [90m{"using":"xpath","value":"//*[@class = 'android.widget.EditText' and @resource-id = '' and (@text = '' or . = '')]"}[39m
[35m[HTTP][39m [37m<-- POST /wd/hub/session/e8f00aae-bbf3-4478-acdf-44c7af8814c7/elements [39m[32m200[39m [90m198 ms - 267[39m
[35m[HTTP][39m [90m[39m
[35m[HTTP][39m [37m-->[39m [37mPOST[39m [37m/wd/hub/session/e8f00aae-bbf3-4478-acdf-44c7af8814c7/elements[39m
[35m[HTTP][39m [90m{"using":"-android uiautomator","value":"new UiSelector().className(\"android.widget.EditText\").resourceId(\"\")"}[39m
[35m[HTTP][39m [37m<-- POST /wd/hub/session/e8f00aae-bbf3-4478-acdf-44c7af8814c7/elements [39m[32m200[39m [90m88 ms - 267[39m
[35m[HTTP][39m [90m[39m
[35m[HTTP][39m [37m-->[39m [37mGET[39m [37m/wd/hub/session/e8f00aae-bbf3-4478-acdf-44c7af8814c7/window/rect[39m
[35m[HTTP][39m [90m{}[39m
[35m[HTTP][39m [37m<-- GET /wd/hub/session/e8f00aae-bbf3-4478-acdf-44c7af8814c7/window/rect [39m[32m200[39m [90m33 ms - 49[39m
[35m[HTTP][39m [90m[39m
[35m[HTTP][39m [37m-->[39m [37mPOST[39m [37m/wd/hub/session/e8f00aae-bbf3-4478-acdf-44c7af8814c7/elements[39m
[35m[HTTP][39m [90m{"using":"xpath","value":"//hierarchy/android.widget.FrameLayout[1]/android.widget.LinearLayout[1]/android.widget.FrameLayout[1]/android.widget.FrameLayout[1]/android.view.View[1]/android.view.View[1]/android.view.View[1]/android.view.View[1]/android.widget.ScrollView[1]/android.widget.EditText[2]"}[39m
[35m[HTTP][39m [37m<-- POST /wd/hub/session/e8f00aae-bbf3-4478-acdf-44c7af8814c7/elements [39m[32m200[39m [90m146 ms - 139[39m
[35m[HTTP][39m [90m[39m
[35m[HTTP][39m [37m-->[39m [37mGET[39m [37m/wd/hub/session/e8f00aae-bbf3-4478-acdf-44c7af8814c7/element/00000000-0000-03a9-0000-001100000003/location[39m
[35m[HTTP][39m [90m{}[39m
[35m[W3C (e8f00aae)][39m Driver proxy active, passing request on via HTTP proxy
[35m[WD Proxy][39m Replacing sessionId 5baff9fb-0e22-4395-ae1c-e8f225d3f5dd with e8f00aae-bbf3-4478-acdf-44c7af8814c7
[35m[HTTP][39m [37m<-- GET /wd/hub/session/e8f00aae-bbf3-4478-acdf-44c7af8814c7/element/00000000-0000-03a9-0000-001100000003/location [39m[32m200[39m [90m30 ms - 77[39m
[35m[HTTP][39m [90m[39m
[35m[HTTP][39m [37m-->[39m [37mPOST[39m [37m/wd/hub/session/e8f00aae-bbf3-4478-acdf-44c7af8814c7/element/00000000-0000-03a9-0000-001100000003/clear[39m
[35m[HTTP][39m [90m{"id":"00000000-0000-03a9-0000-001100000003"}[39m
[35m[HTTP][39m [37m<-- POST /wd/hub/session/e8f00aae-bbf3-4478-acdf-44c7af8814c7/element/00000000-0000-03a9-0000-001100000003/clear [39m[32m200[39m [90m38 ms - 14[39m
[35m[HTTP][39m [90m[39m
[35m[HTTP][39m [37m-->[39m [37mPOST[39m [37m/wd/hub/session/e8f00aae-bbf3-4478-acdf-44c7af8814c7/element/00000000-0000-03a9-0000-001100000003/value[39m
[35m[HTTP][39m [90m{"id":"00000000-0000-03a9-0000-001100000003","text":"agung123","value":["a","g","u","n","g","1","2","3"]}[39m
[35m[HTTP][39m [37m<-- POST /wd/hub/session/e8f00aae-bbf3-4478-acdf-44c7af8814c7/element/00000000-0000-03a9-0000-001100000003/value [39m[32m200[39m [90m68 ms - 14[39m
[35m[HTTP][39m [90m[39m
[35m[HTTP][39m [37m-->[39m [37mGET[39m [37m/wd/hub/session/e8f00aae-bbf3-4478-acdf-44c7af8814c7/source[39m
[35m[HTTP][39m [90m{}[39m
[35m[W3C (e8f00aae)][39m Driver proxy active, passing request on via HTTP proxy
[35m[WD Proxy][39m Replacing sessionId 5baff9fb-0e22-4395-ae1c-e8f225d3f5dd with e8f00aae-bbf3-4478-acdf-44c7af8814c7
[35m[HTTP][39m [37m<-- GET /wd/hub/session/e8f00aae-bbf3-4478-acdf-44c7af8814c7/source [39m[32m200[39m [90m304 ms - 7537[39m
[35m[HTTP][39m [90m[39m
[35m[HTTP][39m [37m-->[39m [37mGET[39m [37m/wd/hub/session/e8f00aae-bbf3-4478-acdf-44c7af8814c7/screenshot[39m
[35m[HTTP][39m [90m{}[39m
[35m[HTTP][39m [37m<-- GET /wd/hub/session/e8f00aae-bbf3-4478-acdf-44c7af8814c7/screenshot [39m[32m200[39m [90m2075 ms - 1366864[39m
[35m[HTTP][39m [90m[39m
[35m[HTTP][39m [37m-->[39m [37mPOST[39m [37m/wd/hub/session/e8f00aae-bbf3-4478-acdf-44c7af8814c7/elements[39m
[35m[HTTP][39m [90m{"using":"xpath","value":"//*[@class = 'android.view.View' and @resource-id = '' and (@text = '' or . = '')]"}[39m
[35m[HTTP][39m [37m<-- POST /wd/hub/session/e8f00aae-bbf3-4478-acdf-44c7af8814c7/elements [39m[32m200[39m [90m183 ms - 1035[39m
[35m[HTTP][39m [90m[39m
[35m[HTTP][39m [37m-->[39m [37mPOST[39m [37m/wd/hub/session/e8f00aae-bbf3-4478-acdf-44c7af8814c7/elements[39m
[35m[HTTP][39m [90m{"using":"accessibility id","value":"Login"}[39m
[35m[HTTP][39m [37m<-- POST /wd/hub/session/e8f00aae-bbf3-4478-acdf-44c7af8814c7/elements [39m[32m200[39m [90m67 ms - 267[39m
[35m[HTTP][39m [90m[39m
[35m[HTTP][39m [37m-->[39m [37mPOST[39m [37m/wd/hub/session/e8f00aae-bbf3-4478-acdf-44c7af8814c7/elements[39m
[35m[HTTP][39m [90m{"using":"-android uiautomator","value":"new UiSelector().className(\"android.view.View\").resourceId(\"\")"}[39m
[35m[HTTP][39m [37m<-- POST /wd/hub/session/e8f00aae-bbf3-4478-acdf-44c7af8814c7/elements [39m[32m200[39m [90m151 ms - 1035[39m
[35m[HTTP][39m [90m[39m
[35m[HTTP][39m [37m-->[39m [37mGET[39m [37m/wd/hub/session/e8f00aae-bbf3-4478-acdf-44c7af8814c7/window/rect[39m
[35m[HTTP][39m [90m{}[39m
[35m[HTTP][39m [37m<-- GET /wd/hub/session/e8f00aae-bbf3-4478-acdf-44c7af8814c7/window/rect [39m[32m200[39m [90m31 ms - 49[39m
[35m[HTTP][39m [90m[39m
[35m[HTTP][39m [37m-->[39m [37mPOST[39m [37m/wd/hub/session/e8f00aae-bbf3-4478-acdf-44c7af8814c7/elements[39m
[35m[HTTP][39m [90m{"using":"xpath","value":"//hierarchy/android.widget.FrameLayout[1]/android.widget.LinearLayout[1]/android.widget.FrameLayout[1]/android.widget.FrameLayout[1]/android.view.View[1]/android.view.View[1]/android.view.View[1]/android.view.View[1]/android.widget.ScrollView[1]/android.view.View[4]"}[39m
[35m[HTTP][39m [37m<-- POST /wd/hub/session/e8f00aae-bbf3-4478-acdf-44c7af8814c7/elements [39m[32m200[39m [90m118 ms - 139[39m
[35m[HTTP][39m [90m[39m
[35m[HTTP][39m [37m-->[39m [37mGET[39m [37m/wd/hub/session/e8f00aae-bbf3-4478-acdf-44c7af8814c7/element/00000000-0000-03a9-0000-001300000003/location[39m
[35m[HTTP][39m [90m{}[39m
[35m[W3C (e8f00aae)][39m Driver proxy active, passing request on via HTTP proxy
[35m[WD Proxy][39m Replacing sessionId 5baff9fb-0e22-4395-ae1c-e8f225d3f5dd with e8f00aae-bbf3-4478-acdf-44c7af8814c7
[35m[HTTP][39m [37m<-- GET /wd/hub/session/e8f00aae-bbf3-4478-acdf-44c7af8814c7/element/00000000-0000-03a9-0000-001300000003/location [39m[32m200[39m [90m26 ms - 77[39m
[35m[HTTP][39m [90m[39m
[35m[HTTP][39m [37m-->[39m [37mPOST[39m [37m/wd/hub/session/e8f00aae-bbf3-4478-acdf-44c7af8814c7/element/00000000-0000-03a9-0000-001300000003/click[39m
[35m[HTTP][39m [90m{"id":"00000000-0000-03a9-0000-001300000003"}[39m
[35m[HTTP][39m [37m<-- POST /wd/hub/session/e8f00aae-bbf3-4478-acdf-44c7af8814c7/element/00000000-0000-03a9-0000-001300000003/click [39m[32m200[39m [90m584 ms - 14[39m
[35m[HTTP][39m [90m[39m
[35m[HTTP][39m [37m-->[39m [37mGET[39m [37m/wd/hub/session/e8f00aae-bbf3-4478-acdf-44c7af8814c7/source[39m
[35m[HTTP][39m [90m{}[39m
[35m[W3C (e8f00aae)][39m Driver proxy active, passing request on via HTTP proxy
[35m[WD Proxy][39m Replacing sessionId 5baff9fb-0e22-4395-ae1c-e8f225d3f5dd with e8f00aae-bbf3-4478-acdf-44c7af8814c7
[35m[HTTP][39m [37m<-- GET /wd/hub/session/e8f00aae-bbf3-4478-acdf-44c7af8814c7/source [39m[32m200[39m [90m900 ms - 14208[39m
[35m[HTTP][39m [90m[39m
[35m[HTTP][39m [37m-->[39m [37mGET[39m [37m/wd/hub/session/e8f00aae-bbf3-4478-acdf-44c7af8814c7/screenshot[39m
[35m[HTTP][39m [90m{}[39m
[35m[HTTP][39m [37m<-- GET /wd/hub/session/e8f00aae-bbf3-4478-acdf-44c7af8814c7/screenshot [39m[32m200[39m [90m582 ms - 244374[39m
[35m[HTTP][39m [90m[39m
[35m[HTTP][39m [37m-->[39m [37mPOST[39m [37m/wd/hub/session/e8f00aae-bbf3-4478-acdf-44c7af8814c7/elements[39m
[35m[HTTP][39m [90m{"using":"xpath","value":"//*[@class = 'android.view.View' and @resource-id = '' and (@text = '' or . = '')]"}[39m
[35m[HTTP][39m [37m<-- POST /wd/hub/session/e8f00aae-bbf3-4478-acdf-44c7af8814c7/elements [39m[32m200[39m [90m117 ms - 3339[39m
[35m[HTTP][39m [90m[39m
[35m[HTTP][39m [37m-->[39m [37mPOST[39m [37m/wd/hub/session/e8f00aae-bbf3-4478-acdf-44c7af8814c7/elements[39m
[35m[HTTP][39m [90m{"using":"accessibility id","value":"Hubungan dan keluarga"}[39m
[35m[HTTP][39m [37m<-- POST /wd/hub/session/e8f00aae-bbf3-4478-acdf-44c7af8814c7/elements [39m[32m200[39m [90m38 ms - 139[39m
[35m[HTTP][39m [90m[39m
[35m[HTTP][39m [37m-->[39m [37mGET[39m [37m/wd/hub/session/e8f00aae-bbf3-4478-acdf-44c7af8814c7/window/rect[39m
[35m[HTTP][39m [90m{}[39m
[35m[HTTP][39m [37m<-- GET /wd/hub/session/e8f00aae-bbf3-4478-acdf-44c7af8814c7/window/rect [39m[32m200[39m [90m17 ms - 49[39m
[35m[HTTP][39m [90m[39m
[35m[HTTP][39m [37m-->[39m [37mPOST[39m [37m/wd/hub/session/e8f00aae-bbf3-4478-acdf-44c7af8814c7/elements[39m
[35m[HTTP][39m [90m{"using":"accessibility id","value":"Hubungan dan keluarga"}[39m
[35m[HTTP][39m [37m<-- POST /wd/hub/session/e8f00aae-bbf3-4478-acdf-44c7af8814c7/elements [39m[32m200[39m [90m49 ms - 139[39m
[35m[HTTP][39m [90m[39m
[35m[HTTP][39m [37m-->[39m [37mGET[39m [37m/wd/hub/session/e8f00aae-bbf3-4478-acdf-44c7af8814c7/element/00000000-0000-03a9-0000-002000000003/location[39m
[35m[HTTP][39m [90m{}[39m
[35m[W3C (e8f00aae)][39m Driver proxy active, passing request on via HTTP proxy
[35m[WD Proxy][39m Replacing sessionId 5baff9fb-0e22-4395-ae1c-e8f225d3f5dd with e8f00aae-bbf3-4478-acdf-44c7af8814c7
[35m[HTTP][39m [37m<-- GET /wd/hub/session/e8f00aae-bbf3-4478-acdf-44c7af8814c7/element/00000000-0000-03a9-0000-002000000003/location [39m[32m200[39m [90m34 ms - 77[39m
[35m[HTTP][39m [90m[39m
[35m[HTTP][39m [37m-->[39m [37mPOST[39m [37m/wd/hub/session/e8f00aae-bbf3-4478-acdf-44c7af8814c7/element/00000000-0000-03a9-0000-002000000003/click[39m
[35m[HTTP][39m [90m{"id":"00000000-0000-03a9-0000-002000000003"}[39m
[35m[HTTP][39m [37m<-- POST /wd/hub/session/e8f00aae-bbf3-4478-acdf-44c7af8814c7/element/00000000-0000-03a9-0000-002000000003/click [39m[32m200[39m [90m76 ms - 14[39m
[35m[HTTP][39m [90m[39m
[35m[HTTP][39m [37m-->[39m [37mGET[39m [37m/wd/hub/session/e8f00aae-bbf3-4478-acdf-44c7af8814c7/source[39m
[35m[HTTP][39m [90m{}[39m
[35m[W3C (e8f00aae)][39m Driver proxy active, passing request on via HTTP proxy
[35m[WD Proxy][39m Replacing sessionId 5baff9fb-0e22-4395-ae1c-e8f225d3f5dd with e8f00aae-bbf3-4478-acdf-44c7af8814c7
[35m[HTTP][39m [37m<-- GET /wd/hub/session/e8f00aae-bbf3-4478-acdf-44c7af8814c7/source [39m[32m200[39m [90m138 ms - 14208[39m
[35m[HTTP][39m [90m[39m
[35m[HTTP][39m [37m-->[39m [37mGET[39m [37m/wd/hub/session/e8f00aae-bbf3-4478-acdf-44c7af8814c7/screenshot[39m
[35m[HTTP][39m [90m{}[39m
[35m[HTTP][39m [37m<-- GET /wd/hub/session/e8f00aae-bbf3-4478-acdf-44c7af8814c7/screenshot [39m[32m200[39m [90m618 ms - 246304[39m
[35m[HTTP][39m [90m[39m
[35m[HTTP][39m [37m-->[39m [37mPOST[39m [37m/wd/hub/session/e8f00aae-bbf3-4478-acdf-44c7af8814c7/elements[39m
[35m[HTTP][39m [90m{"using":"xpath","value":"//*[@class = 'android.widget.Button' and @resource-id = '' and (@text = '' or . = '')]"}[39m
[35m[HTTP][39m [37m<-- POST /wd/hub/session/e8f00aae-bbf3-4478-acdf-44c7af8814c7/elements [39m[32m200[39m [90m107 ms - 139[39m
[35m[HTTP][39m [90m[39m
[35m[HTTP][39m [37m-->[39m [37mGET[39m [37m/wd/hub/session/e8f00aae-bbf3-4478-acdf-44c7af8814c7/window/rect[39m
[35m[HTTP][39m [90m{}[39m
[35m[HTTP][39m [37m<-- GET /wd/hub/session/e8f00aae-bbf3-4478-acdf-44c7af8814c7/window/rect [39m[32m200[39m [90m13 ms - 49[39m
[35m[HTTP][39m [90m[39m
[35m[HTTP][39m [37m-->[39m [37mPOST[39m [37m/wd/hub/session/e8f00aae-bbf3-4478-acdf-44c7af8814c7/elements[39m
[35m[HTTP][39m [90m{"using":"xpath","value":"//*[@class = 'android.widget.Button' and @resource-id = '' and (@text = '' or . = '')]"}[39m
[35m[HTTP][39m [37m<-- POST /wd/hub/session/e8f00aae-bbf3-4478-acdf-44c7af8814c7/elements [39m[32m200[39m [90m97 ms - 139[39m
[35m[HTTP][39m [90m[39m
[35m[HTTP][39m [37m-->[39m [37mGET[39m [37m/wd/hub/session/e8f00aae-bbf3-4478-acdf-44c7af8814c7/element/00000000-0000-03a9-0000-001b00000003/location[39m
[35m[HTTP][39m [90m{}[39m
[35m[W3C (e8f00aae)][39m Driver proxy active, passing request on via HTTP proxy
[35m[WD Proxy][39m Replacing sessionId 5baff9fb-0e22-4395-ae1c-e8f225d3f5dd with e8f00aae-bbf3-4478-acdf-44c7af8814c7
[35m[HTTP][39m [37m<-- GET /wd/hub/session/e8f00aae-bbf3-4478-acdf-44c7af8814c7/element/00000000-0000-03a9-0000-001b00000003/location [39m[32m200[39m [90m17 ms - 78[39m
[35m[HTTP][39m [90m[39m
[35m[HTTP][39m [37m-->[39m [37mPOST[39m [37m/wd/hub/session/e8f00aae-bbf3-4478-acdf-44c7af8814c7/element/00000000-0000-03a9-0000-001b00000003/click[39m
[35m[HTTP][39m [90m{"id":"00000000-0000-03a9-0000-001b00000003"}[39m
[35m[HTTP][39m [37m<-- POST /wd/hub/session/e8f00aae-bbf3-4478-acdf-44c7af8814c7/element/00000000-0000-03a9-0000-001b00000003/click [39m[32m200[39m [90m1363 ms - 14[39m
[35m[HTTP][39m [90m[39m
[35m[HTTP][39m [37m-->[39m [37mGET[39m [37m/wd/hub/session/e8f00aae-bbf3-4478-acdf-44c7af8814c7/source[39m
[35m[HTTP][39m [90m{}[39m
[35m[W3C (e8f00aae)][39m Driver proxy active, passing request on via HTTP proxy
[35m[WD Proxy][39m Replacing sessionId 5baff9fb-0e22-4395-ae1c-e8f225d3f5dd with e8f00aae-bbf3-4478-acdf-44c7af8814c7
[35m[HTTP][39m [37m<-- GET /wd/hub/session/e8f00aae-bbf3-4478-acdf-44c7af8814c7/source [39m[32m200[39m [90m154 ms - 16606[39m
[35m[HTTP][39m [90m[39m
[35m[HTTP][39m [37m-->[39m [37mGET[39m [37m/wd/hub/session/e8f00aae-bbf3-4478-acdf-44c7af8814c7/screenshot[39m
[35m[HTTP][39m [90m{}[39m
[35m[HTTP][39m [37m<-- GET /wd/hub/session/e8f00aae-bbf3-4478-acdf-44c7af8814c7/screenshot [39m[32m200[39m [90m673 ms - 264048[39m
[35m[HTTP][39m [90m[39m
[35m[HTTP][39m [37m-->[39m [37mPOST[39m [37m/wd/hub/session/e8f00aae-bbf3-4478-acdf-44c7af8814c7/elements[39m
[35m[HTTP][39m [90m{"using":"xpath","value":"//*[@class = 'android.widget.ImageView' and @resource-id = '' and (@text = '' or . = '')]"}[39m
[35m[HTTP][39m [37m<-- POST /wd/hub/session/e8f00aae-bbf3-4478-acdf-44c7af8814c7/elements [39m[32m200[39m [90m112 ms - 651[39m
[35m[HTTP][39m [90m[39m
[35m[HTTP][39m [37m-->[39m [37mPOST[39m [37m/wd/hub/session/e8f00aae-bbf3-4478-acdf-44c7af8814c7/elements[39m
[35m[HTTP][39m [90m{"using":"accessibility id","value":"Masih bingung soal karir ?\nWomen Center"}[39m
[35m[HTTP][39m [37m<-- POST /wd/hub/session/e8f00aae-bbf3-4478-acdf-44c7af8814c7/elements [39m[32m200[39m [90m31 ms - 139[39m
[35m[HTTP][39m [90m[39m
[35m[HTTP][39m [37m-->[39m [37mGET[39m [37m/wd/hub/session/e8f00aae-bbf3-4478-acdf-44c7af8814c7/window/rect[39m
[35m[HTTP][39m [90m{}[39m
[35m[HTTP][39m [37m<-- GET /wd/hub/session/e8f00aae-bbf3-4478-acdf-44c7af8814c7/window/rect [39m[32m200[39m [90m14 ms - 49[39m
[35m[HTTP][39m [90m[39m
[35m[HTTP][39m [37m-->[39m [37mPOST[39m [37m/wd/hub/session/e8f00aae-bbf3-4478-acdf-44c7af8814c7/elements[39m
[35m[HTTP][39m [90m{"using":"accessibility id","value":"Masih bingung soal karir ?\nWomen Center"}[39m
[35m[HTTP][39m [37m<-- POST /wd/hub/session/e8f00aae-bbf3-4478-acdf-44c7af8814c7/elements [39m[32m200[39m [90m60 ms - 139[39m
[35m[HTTP][39m [90m[39m
[35m[HTTP][39m [37m-->[39m [37mGET[39m [37m/wd/hub/session/e8f00aae-bbf3-4478-acdf-44c7af8814c7/element/00000000-0000-03a9-0000-00c800000003/location[39m
[35m[HTTP][39m [90m{}[39m
[35m[W3C (e8f00aae)][39m Driver proxy active, passing request on via HTTP proxy
[35m[WD Proxy][39m Replacing sessionId 5baff9fb-0e22-4395-ae1c-e8f225d3f5dd with e8f00aae-bbf3-4478-acdf-44c7af8814c7
[35m[HTTP][39m [37m<-- GET /wd/hub/session/e8f00aae-bbf3-4478-acdf-44c7af8814c7/element/00000000-0000-03a9-0000-00c800000003/location [39m[32m200[39m [90m35 ms - 78[39m
[35m[HTTP][39m [90m[39m
[35m[HTTP][39m [37m-->[39m [37mPOST[39m [37m/wd/hub/session/e8f00aae-bbf3-4478-acdf-44c7af8814c7/element/00000000-0000-03a9-0000-00c800000003/click[39m
[35m[HTTP][39m [90m{"id":"00000000-0000-03a9-0000-00c800000003"}[39m
[35m[HTTP][39m [37m<-- POST /wd/hub/session/e8f00aae-bbf3-4478-acdf-44c7af8814c7/element/00000000-0000-03a9-0000-00c800000003/click [39m[32m200[39m [90m84 ms - 14[39m
[35m[HTTP][39m [90m[39m
[35m[HTTP][39m [37m-->[39m [37mGET[39m [37m/wd/hub/session/e8f00aae-bbf3-4478-acdf-44c7af8814c7/source[39m
[35m[HTTP][39m [90m{}[39m
[35m[W3C (e8f00aae)][39m Driver proxy active, passing request on via HTTP proxy
[35m[WD Proxy][39m Replacing sessionId 5baff9fb-0e22-4395-ae1c-e8f225d3f5dd with e8f00aae-bbf3-4478-acdf-44c7af8814c7
[35m[HTTP][39m [37m<-- GET /wd/hub/session/e8f00aae-bbf3-4478-acdf-44c7af8814c7/source [39m[32m200[39m [90m138 ms - 11678[39m
[35m[HTTP][39m [90m[39m
[35m[HTTP][39m [37m-->[39m [37mGET[39m [37m/wd/hub/session/e8f00aae-bbf3-4478-acdf-44c7af8814c7/screenshot[39m
[35m[HTTP][39m [90m{}[39m
[35m[HTTP][39m [37m<-- GET /wd/hub/session/e8f00aae-bbf3-4478-acdf-44c7af8814c7/screenshot [39m[32m200[39m [90m564 ms - 103864[39m
[35m[HTTP][39m [90m[39m
[35m[HTTP][39m [37m-->[39m [37mPOST[39m [37m/wd/hub/session/e8f00aae-bbf3-4478-acdf-44c7af8814c7/elements[39m
[35m[HTTP][39m [90m{"using":"xpath","value":"//*[@class = 'android.widget.EditText' and @resource-id = '' and (@text = '' or . = '')]"}[39m
[35m[HTTP][39m [37m<-- POST /wd/hub/session/e8f00aae-bbf3-4478-acdf-44c7af8814c7/elements [39m[32m200[39m [90m181 ms - 139[39m
[35m[HTTP][39m [90m[39m
[35m[HTTP][39m [37m-->[39m [37mGET[39m [37m/wd/hub/session/e8f00aae-bbf3-4478-acdf-44c7af8814c7/window/rect[39m
[35m[HTTP][39m [90m{}[39m
[35m[HTTP][39m [37m<-- GET /wd/hub/session/e8f00aae-bbf3-4478-acdf-44c7af8814c7/window/rect [39m[32m200[39m [90m21 ms - 49[39m
[35m[HTTP][39m [90m[39m
[35m[HTTP][39m [37m-->[39m [37mPOST[39m [37m/wd/hub/session/e8f00aae-bbf3-4478-acdf-44c7af8814c7/elements[39m
[35m[HTTP][39m [90m{"using":"xpath","value":"//*[@class = 'android.widget.EditText' and @resource-id = '' and (@text = '' or . = '')]"}[39m
[35m[HTTP][39m [37m<-- POST /wd/hub/session/e8f00aae-bbf3-4478-acdf-44c7af8814c7/elements [39m[32m200[39m [90m169 ms - 139[39m
[35m[HTTP][39m [90m[39m
[35m[HTTP][39m [37m-->[39m [37mGET[39m [37m/wd/hub/session/e8f00aae-bbf3-4478-acdf-44c7af8814c7/element/00000000-0000-03a9-0000-012400000003/location[39m
[35m[HTTP][39m [90m{}[39m
[35m[W3C (e8f00aae)][39m Driver proxy active, passing request on via HTTP proxy
[35m[WD Proxy][39m Replacing sessionId 5baff9fb-0e22-4395-ae1c-e8f225d3f5dd with e8f00aae-bbf3-4478-acdf-44c7af8814c7
[35m[HTTP][39m [37m<-- GET /wd/hub/session/e8f00aae-bbf3-4478-acdf-44c7af8814c7/element/00000000-0000-03a9-0000-012400000003/location [39m[32m200[39m [90m35 ms - 78[39m
[35m[HTTP][39m [90m[39m
[35m[HTTP][39m [37m-->[39m [37mPOST[39m [37m/wd/hub/session/e8f00aae-bbf3-4478-acdf-44c7af8814c7/element/00000000-0000-03a9-0000-012400000003/click[39m
[35m[HTTP][39m [90m{"id":"00000000-0000-03a9-0000-012400000003"}[39m
[35m[HTTP][39m [37m<-- POST /wd/hub/session/e8f00aae-bbf3-4478-acdf-44c7af8814c7/element/00000000-0000-03a9-0000-012400000003/click [39m[32m200[39m [90m76 ms - 14[39m
[35m[HTTP][39m [90m[39m
[35m[HTTP][39m [37m-->[39m [37mGET[39m [37m/wd/hub/session/e8f00aae-bbf3-4478-acdf-44c7af8814c7/source[39m
[35m[HTTP][39m [90m{}[39m
[35m[W3C (e8f00aae)][39m Driver proxy active, passing request on via HTTP proxy
[35m[WD Proxy][39m Replacing sessionId 5baff9fb-0e22-4395-ae1c-e8f225d3f5dd with e8f00aae-bbf3-4478-acdf-44c7af8814c7
[35m[HTTP][39m [37m<-- GET /wd/hub/session/e8f00aae-bbf3-4478-acdf-44c7af8814c7/source [39m[32m200[39m [90m322 ms - 9026[39m
[35m[HTTP][39m [90m[39m
[35m[HTTP][39m [37m-->[39m [37mGET[39m [37m/wd/hub/session/e8f00aae-bbf3-4478-acdf-44c7af8814c7/screenshot[39m
[35m[HTTP][39m [90m{}[39m
[35m[HTTP][39m [37m<-- GET /wd/hub/session/e8f00aae-bbf3-4478-acdf-44c7af8814c7/screenshot [39m[32m200[39m [90m1087 ms - 737568[39m
[35m[HTTP][39m [90m[39m
[35m[HTTP][39m [37m-->[39m [37mPOST[39m [37m/wd/hub/session/e8f00aae-bbf3-4478-acdf-44c7af8814c7/elements[39m
[35m[HTTP][39m [90m{"using":"xpath","value":"//*[@class = 'android.widget.EditText' and @resource-id = '' and (@text = '' or . = '')]"}[39m
[35m[HTTP][39m [37m<-- POST /wd/hub/session/e8f00aae-bbf3-4478-acdf-44c7af8814c7/elements [39m[32m200[39m [90m152 ms - 139[39m
[35m[HTTP][39m [90m[39m
[35m[HTTP][39m [37m-->[39m [37mGET[39m [37m/wd/hub/session/e8f00aae-bbf3-4478-acdf-44c7af8814c7/window/rect[39m
[35m[HTTP][39m [90m{}[39m
[35m[HTTP][39m [37m<-- GET /wd/hub/session/e8f00aae-bbf3-4478-acdf-44c7af8814c7/window/rect [39m[32m200[39m [90m30 ms - 49[39m
[35m[HTTP][39m [90m[39m
[35m[HTTP][39m [37m-->[39m [37mPOST[39m [37m/wd/hub/session/e8f00aae-bbf3-4478-acdf-44c7af8814c7/elements[39m
[35m[HTTP][39m [90m{"using":"xpath","value":"//*[@class = 'android.widget.EditText' and @resource-id = '' and (@text = '' or . = '')]"}[39m
[35m[HTTP][39m [37m<-- POST /wd/hub/session/e8f00aae-bbf3-4478-acdf-44c7af8814c7/elements [39m[32m200[39m [90m140 ms - 139[39m
[35m[HTTP][39m [90m[39m
[35m[HTTP][39m [37m-->[39m [37mGET[39m [37m/wd/hub/session/e8f00aae-bbf3-4478-acdf-44c7af8814c7/element/00000000-0000-03a9-0000-012400000003/location[39m
[35m[HTTP][39m [90m{}[39m
[35m[W3C (e8f00aae)][39m Driver proxy active, passing request on via HTTP proxy
[35m[WD Proxy][39m Replacing sessionId 5baff9fb-0e22-4395-ae1c-e8f225d3f5dd with e8f00aae-bbf3-4478-acdf-44c7af8814c7
[35m[HTTP][39m [37m<-- GET /wd/hub/session/e8f00aae-bbf3-4478-acdf-44c7af8814c7/element/00000000-0000-03a9-0000-012400000003/location [39m[32m200[39m [90m25 ms - 77[39m
[35m[HTTP][39m [90m[39m
[35m[HTTP][39m [37m-->[39m [37mPOST[39m [37m/wd/hub/session/e8f00aae-bbf3-4478-acdf-44c7af8814c7/element/00000000-0000-03a9-0000-012400000003/clear[39m
[35m[HTTP][39m [90m{"id":"00000000-0000-03a9-0000-012400000003"}[39m
[35m[HTTP][39m [37m<-- POST /wd/hub/session/e8f00aae-bbf3-4478-acdf-44c7af8814c7/element/00000000-0000-03a9-0000-012400000003/clear [39m[32m200[39m [90m30 ms - 14[39m
[35m[HTTP][39m [90m[39m
[35m[HTTP][39m [37m-->[39m [37mPOST[39m [37m/wd/hub/session/e8f00aae-bbf3-4478-acdf-44c7af8814c7/element/00000000-0000-03a9-0000-012400000003/value[39m
[35m[HTTP][39m [90m{"id":"00000000-0000-03a9-0000-012400000003","text":"Saran karir","value":["S","a","r","a","n"," ","k","a","r","i","r"]}[39m
[35m[HTTP][39m [37m<-- POST /wd/hub/session/e8f00aae-bbf3-4478-acdf-44c7af8814c7/element/00000000-0000-03a9-0000-012400000003/value [39m[32m200[39m [90m50 ms - 14[39m
[35m[HTTP][39m [90m[39m
[35m[HTTP][39m [37m-->[39m [37mGET[39m [37m/wd/hub/session/e8f00aae-bbf3-4478-acdf-44c7af8814c7/source[39m
[35m[HTTP][39m [90m{}[39m
[35m[W3C (e8f00aae)][39m Driver proxy active, passing request on via HTTP proxy
[35m[WD Proxy][39m Replacing sessionId 5baff9fb-0e22-4395-ae1c-e8f225d3f5dd with e8f00aae-bbf3-4478-acdf-44c7af8814c7
[35m[HTTP][39m [37m<-- GET /wd/hub/session/e8f00aae-bbf3-4478-acdf-44c7af8814c7/source [39m[32m200[39m [90m725 ms - 9037[39m
[35m[HTTP][39m [90m[39m
[35m[HTTP][39m [37m-->[39m [37mGET[39m [37m/wd/hub/session/e8f00aae-bbf3-4478-acdf-44c7af8814c7/screenshot[39m
[35m[HTTP][39m [90m{}[39m
[35m[HTTP][39m [37m<-- GET /wd/hub/session/e8f00aae-bbf3-4478-acdf-44c7af8814c7/screenshot [39m[32m200[39m [90m1091 ms - 738390[39m
[35m[HTTP][39m [90m[39m
[35m[HTTP][39m [37m-->[39m [37mPOST[39m [37m/wd/hub/session/e8f00aae-bbf3-4478-acdf-44c7af8814c7/elements[39m
[35m[HTTP][39m [90m{"using":"xpath","value":"//*[@class = 'android.widget.Button' and @resource-id = '' and (@text = '' or . = '')]"}[39m
[35m[HTTP][39m [37m<-- POST /wd/hub/session/e8f00aae-bbf3-4478-acdf-44c7af8814c7/elements [39m[32m200[39m [90m163 ms - 395[39m
[35m[HTTP][39m [90m[39m
[35m[HTTP][39m [37m-->[39m [37mPOST[39m [37m/wd/hub/session/e8f00aae-bbf3-4478-acdf-44c7af8814c7/elements[39m
[35m[HTTP][39m [90m{"using":"-android uiautomator","value":"new UiSelector().className(\"android.widget.Button\").resourceId(\"\")"}[39m
[35m[HTTP][39m [37m<-- POST /wd/hub/session/e8f00aae-bbf3-4478-acdf-44c7af8814c7/elements [39m[32m200[39m [90m88 ms - 395[39m
[35m[HTTP][39m [90m[39m
[35m[HTTP][39m [37m-->[39m [37mGET[39m [37m/wd/hub/session/e8f00aae-bbf3-4478-acdf-44c7af8814c7/window/rect[39m
[35m[HTTP][39m [90m{}[39m
[35m[HTTP][39m [37m<-- GET /wd/hub/session/e8f00aae-bbf3-4478-acdf-44c7af8814c7/window/rect [39m[32m200[39m [90m22 ms - 49[39m
[35m[HTTP][39m [90m[39m
[35m[HTTP][39m [37m-->[39m [37mPOST[39m [37m/wd/hub/session/e8f00aae-bbf3-4478-acdf-44c7af8814c7/elements[39m
[35m[HTTP][39m [90m{"using":"xpath","value":"//hierarchy/android.widget.FrameLayout[1]/android.widget.LinearLayout[1]/android.widget.FrameLayout[1]/android.widget.FrameLayout[1]/android.view.View[1]/android.view.View[1]/android.view.View[1]/android.view.View[1]/android.view.View[1]/android.view.View[1]/android.view.View[1]/android.widget.Button[1]"}[39m
[35m[HTTP][39m [37m<-- POST /wd/hub/session/e8f00aae-bbf3-4478-acdf-44c7af8814c7/elements [39m[32m200[39m [90m121 ms - 139[39m
[35m[HTTP][39m [90m[39m
[35m[HTTP][39m [37m-->[39m [37mGET[39m [37m/wd/hub/session/e8f00aae-bbf3-4478-acdf-44c7af8814c7/element/00000000-0000-03a9-0000-012600000003/location[39m
[35m[HTTP][39m [90m{}[39m
[35m[W3C (e8f00aae)][39m Driver proxy active, passing request on via HTTP proxy
[35m[WD Proxy][39m Replacing sessionId 5baff9fb-0e22-4395-ae1c-e8f225d3f5dd with e8f00aae-bbf3-4478-acdf-44c7af8814c7
[35m[HTTP][39m [37m<-- GET /wd/hub/session/e8f00aae-bbf3-4478-acdf-44c7af8814c7/element/00000000-0000-03a9-0000-012600000003/location [39m[32m200[39m [90m26 ms - 78[39m
[35m[HTTP][39m [90m[39m
[35m[HTTP][39m [37m-->[39m [37mPOST[39m [37m/wd/hub/session/e8f00aae-bbf3-4478-acdf-44c7af8814c7/element/00000000-0000-03a9-0000-012600000003/click[39m
[35m[HTTP][39m [90m{"id":"00000000-0000-03a9-0000-012600000003"}[39m
[35m[HTTP][39m [37m<-- POST /wd/hub/session/e8f00aae-bbf3-4478-acdf-44c7af8814c7/element/00000000-0000-03a9-0000-012600000003/click [39m[32m200[39m [90m75 ms - 14[39m
[35m[HTTP][39m [90m[39m
[35m[HTTP][39m [37m-->[39m [37mGET[39m [37m/wd/hub/session/e8f00aae-bbf3-4478-acdf-44c7af8814c7/source[39m
[35m[HTTP][39m [90m{}[39m
[35m[W3C (e8f00aae)][39m Driver proxy active, passing request on via HTTP proxy
[35m[WD Proxy][39m Replacing sessionId 5baff9fb-0e22-4395-ae1c-e8f225d3f5dd with e8f00aae-bbf3-4478-acdf-44c7af8814c7
[35m[HTTP][39m [37m<-- GET /wd/hub/session/e8f00aae-bbf3-4478-acdf-44c7af8814c7/source [39m[32m200[39m [90m210 ms - 9462[39m
[35m[HTTP][39m [90m[39m
[35m[HTTP][39m [37m-->[39m [37mGET[39m [37m/wd/hub/session/e8f00aae-bbf3-4478-acdf-44c7af8814c7/screenshot[39m
[35m[HTTP][39m [90m{}[39m
[35m[HTTP][39m [37m<-- GET /wd/hub/session/e8f00aae-bbf3-4478-acdf-44c7af8814c7/screenshot [39m[32m200[39m [90m1071 ms - 745168[39m
[35m[HTTP][39m [90m[39m
[35m[HTTP][39m [37m-->[39m [37mPOST[39m [37m/wd/hub/session/e8f00aae-bbf3-4478-acdf-44c7af8814c7/elements[39m
[35m[HTTP][39m [90m{"using":"xpath","value":"//*[@class = 'android.view.View' and @resource-id = '' and (@text = '' or . = '')]"}[39m
[35m[HTTP][39m [37m<-- POST /wd/hub/session/e8f00aae-bbf3-4478-acdf-44c7af8814c7/elements [39m[32m200[39m [90m122 ms - 1803[39m
[35m[HTTP][39m [90m[39m
[35m[HTTP][39m [37m-->[39m [37mPOST[39m [37m/wd/hub/session/e8f00aae-bbf3-4478-acdf-44c7af8814c7/elements[39m
[35m[HTTP][39m [90m{"using":"-android uiautomator","value":"new UiSelector().className(\"android.view.View\").resourceId(\"\")"}[39m
[35m[HTTP][39m [37m<-- POST /wd/hub/session/e8f00aae-bbf3-4478-acdf-44c7af8814c7/elements [39m[32m200[39m [90m244 ms - 1803[39m
[35m[HTTP][39m [90m[39m
[35m[HTTP][39m [37m-->[39m [37mGET[39m [37m/wd/hub/session/e8f00aae-bbf3-4478-acdf-44c7af8814c7/window/rect[39m
[35m[HTTP][39m [90m{}[39m
[35m[HTTP][39m [37m<-- GET /wd/hub/session/e8f00aae-bbf3-4478-acdf-44c7af8814c7/window/rect [39m[32m200[39m [90m19 ms - 49[39m
[35m[HTTP][39m [90m[39m
[35m[HTTP][39m [37m-->[39m [37mPOST[39m [37m/wd/hub/session/e8f00aae-bbf3-4478-acdf-44c7af8814c7/elements[39m
[35m[HTTP][39m [90m{"using":"xpath","value":"//hierarchy/android.widget.FrameLayout[1]/android.widget.LinearLayout[1]/android.widget.FrameLayout[1]/android.widget.FrameLayout[1]/android.view.View[1]/android.view.View[1]/android.view.View[1]/android.view.View[1]/android.view.View[1]/android.view.View[1]/android.view.View[1]/android.view.View[2]/android.view.View[1]"}[39m
[35m[HTTP][39m [37m<-- POST /wd/hub/session/e8f00aae-bbf3-4478-acdf-44c7af8814c7/elements [39m[32m200[39m [90m114 ms - 139[39m
[35m[HTTP][39m [90m[39m
[35m[HTTP][39m [37m-->[39m [37mGET[39m [37m/wd/hub/session/e8f00aae-bbf3-4478-acdf-44c7af8814c7/element/00000000-0000-03a9-0000-012b00000003/location[39m
[35m[HTTP][39m [90m{}[39m
[35m[W3C (e8f00aae)][39m Driver proxy active, passing request on via HTTP proxy
[35m[WD Proxy][39m Replacing sessionId 5baff9fb-0e22-4395-ae1c-e8f225d3f5dd with e8f00aae-bbf3-4478-acdf-44c7af8814c7
[35m[HTTP][39m [37m<-- GET /wd/hub/session/e8f00aae-bbf3-4478-acdf-44c7af8814c7/element/00000000-0000-03a9-0000-012b00000003/location [39m[32m200[39m [90m18 ms - 76[39m
[35m[HTTP][39m [90m[39m
[35m[HTTP][39m [37m-->[39m [37mPOST[39m [37m/wd/hub/session/e8f00aae-bbf3-4478-acdf-44c7af8814c7/element/00000000-0000-03a9-0000-012b00000003/click[39m
[35m[HTTP][39m [90m{"id":"00000000-0000-03a9-0000-012b00000003"}[39m
[35m[HTTP][39m [37m<-- POST /wd/hub/session/e8f00aae-bbf3-4478-acdf-44c7af8814c7/element/00000000-0000-03a9-0000-012b00000003/click [39m[32m200[39m [90m46 ms - 14[39m
[35m[HTTP][39m [90m[39m
[35m[HTTP][39m [37m-->[39m [37mGET[39m [37m/wd/hub/session/e8f00aae-bbf3-4478-acdf-44c7af8814c7/source[39m
[35m[HTTP][39m [90m{}[39m
[35m[W3C (e8f00aae)][39m Driver proxy active, passing request on via HTTP proxy
[35m[WD Proxy][39m Replacing sessionId 5baff9fb-0e22-4395-ae1c-e8f225d3f5dd with e8f00aae-bbf3-4478-acdf-44c7af8814c7
[35m[HTTP][39m [37m<-- GET /wd/hub/session/e8f00aae-bbf3-4478-acdf-44c7af8814c7/source [39m[32m200[39m [90m132 ms - 9940[39m
[35m[HTTP][39m [90m[39m
[35m[HTTP][39m [37m-->[39m [37mGET[39m [37m/wd/hub/session/e8f00aae-bbf3-4478-acdf-44c7af8814c7/screenshot[39m
[35m[HTTP][39m [90m{}[39m
[35m[HTTP][39m [37m<-- GET /wd/hub/session/e8f00aae-bbf3-4478-acdf-44c7af8814c7/screenshot [39m[32m200[39m [90m1168 ms - 768838[39m
[35m[HTTP][39m [90m[39m
[35m[HTTP][39m [37m-->[39m [37mDELETE[39m [37m/wd/hub/session/e8f00aae-bbf3-4478-acdf-44c7af8814c7[39m
[35m[HTTP][39m [90m{}[39m
[35m[Appium][39m Removing session e8f00aae-bbf3-4478-acdf-44c7af8814c7 from our master session list
[35m[UiAutomator2][39m Restoring hidden api policy to the device default configuration
[35m[HTTP][39m [37m<-- DELETE /wd/hub/session/e8f00aae-bbf3-4478-acdf-44c7af8814c7 [39m[32m200[39m [90m818 ms - 14[39m
[35m[HTTP][39m [90m[39m
